TN:
SF:index.js
FN:26,(anonymous_0)
FN:36,(anonymous_1)
FN:48,(anonymous_2)
FN:53,(anonymous_3)
FN:61,(anonymous_4)
FN:67,(anonymous_5)
FN:78,(anonymous_6)
FN:79,(anonymous_7)
FN:84,(anonymous_8)
FNF:9
FNH:4
FNDA:0,(anonymous_0)
FNDA:0,(anonymous_1)
FNDA:1,(anonymous_2)
FNDA:1,(anonymous_3)
FNDA:0,(anonymous_4)
FNDA:0,(anonymous_5)
FNDA:1,(anonymous_6)
FNDA:0,(anonymous_7)
FNDA:1,(anonymous_8)
DA:1,1
DA:2,1
DA:3,1
DA:4,1
DA:5,1
DA:6,1
DA:8,1
DA:9,1
DA:10,1
DA:13,1
DA:18,1
DA:26,1
DA:27,0
DA:28,0
DA:29,0
DA:30,0
DA:31,0
DA:32,0
DA:33,0
DA:36,1
DA:37,0
DA:38,0
DA:39,0
DA:40,0
DA:41,0
DA:43,0
DA:48,1
DA:49,1
DA:50,1
DA:53,1
DA:54,1
DA:55,1
DA:56,1
DA:57,0
DA:58,1
DA:61,1
DA:62,0
DA:63,0
DA:67,1
DA:68,0
DA:69,0
DA:70,0
DA:72,0
DA:77,1
DA:78,1
DA:79,0
DA:81,1
DA:83,1
DA:84,1
LF:49
LH:28
BRDA:39,0,0,0
BRDA:39,0,1,0
BRDA:39,1,0,0
BRDA:39,1,1,0
BRDA:83,2,0,1
BRDA:83,2,1,0
BRF:6
BRH:1
end_of_record
